NOTICE:  Dropped test index: idx_test_large_wrk_workflowdata_comments
NOTICE:  Dropped test index: idx_test_large_wrk_workflowdata_meta_data_xft_version
NOTICE:  Dropped test index: idx_test_large_xdat_field_mapping_field
NOTICE:  Dropped test index: idx_test_large_xdat_user_login_login_date
NOTICE:  Dropped test index: idx_test_large_xdat_user_login_meta_data_xft_version
NOTICE:  Dropped test index: idx_test_large_xhbm_container_entity_container_labels_container
NOTICE:  Dropped test index: idx_test_large_xhbm_container_entity_created
NOTICE:  Dropped test index: idx_test_large_xhbm_container_entity_environment_variables_envi
NOTICE:  Dropped test index: idx_test_large_xhbm_container_entity_log_paths_container_entity
NOTICE:  Dropped test index: idx_test_large_xhbm_container_entity_mount_container_host_path
NOTICE:  Dropped test index: idx_test_large_xhbm_dicom_spatial_data_created
NOTICE:  Dropped test index: idx_test_large_xnat_abstractresource_meta_data_xft_version
NOTICE:  Dropped test index: idx_test_large_xnat_ctscandata_meta_data_xft_version
NOTICE:  Dropped test index: idx_test_large_xnat_ctscandata_parameters_voxelres_x
NOTICE:  Dropped test index: idx_test_large_xnat_experimentdata_date
NOTICE:  Dropped test index: idx_test_large_xnat_imagescandata_meta_data_xft_version
NOTICE:  Dropped test index: idx_test_large_xnat_resource_meta_data_xft_version
NOTICE:  Dropped test index: idx_test_large_xnat_resourcecatalog_meta_data_xft_version
NOTICE:  Dropped test index: idx_test_large_xnat_resourcecatalog_resourcecatalog_info
NOTICE:  Dropped test index: idx_test_large_xs_item_cache_elementname
NOTICE:  Dropped test index: idx_test_query_item_cache_element_ids
NOTICE:  Dropped test index: idx_test_query_preference_tool_name
NOTICE:  Dropped test index: idx_test_query_user_login_session
NOTICE:  Dropped 23 test indexes total
DO
